<?xml version="1.0" encoding="UTF-8"?>
<!-- Generated by org.testng.reporters.JUnitReportReporter -->
<testsuite hostname="abpujari" name="com.training.regression.tests.LoginExcelTest" tests="2" failures="0" timestamp="5 Sep 2019 05:49:51 GMT" time="51.044" errors="0">
  <testcase name="loginDBTest" time="18.870" classname="com.training.regression.tests.LoginExcelTest"/>
  <testcase name="loginDBTest" time="32.174" classname="com.training.regression.tests.LoginExcelTest"/>
</testsuite> <!-- com.training.regression.tests.LoginExcelTest -->
