<?xml version="1.0" encoding="UTF-8"?>
<!-- Generated by org.testng.reporters.JUnitReportReporter -->
<testsuite hostname="abpujari" name="com.training.sanity.tests.Login" tests="1" failures="0" timestamp="12 Sep 2019 19:11:09 GMT" time="32.669" errors="0">
  <testcase name="Login_Retail" time="32.669" classname="com.training.sanity.tests.Login"/>
</testsuite> <!-- com.training.sanity.tests.Login -->
