<?xml version="1.0" encoding="UTF-8"?>
<!-- Generated by org.testng.reporters.JUnitReportReporter -->
<testsuite hostname="abpujari" name="com.training.sanity.tests.LoginTests" tests="1" failures="0" timestamp="12 Sep 2019 19:14:40 GMT" time="34.523" errors="0">
  <testcase name="RegisterNewUser" time="34.523" classname="com.training.sanity.tests.LoginTests"/>
</testsuite> <!-- com.training.sanity.tests.LoginTests -->
