<?xml version="1.0" encoding="UTF-8"?>
<!-- Generated by org.testng.reporters.JUnitReportReporter -->
<testsuite hostname="abpujari" name="com.training.sanity.tests.ForgotPassword" tests="1" failures="0" timestamp="5 Sep 2019 18:03:49 GMT" time="28.870" errors="0">
  <testcase name="ForgotPassword" time="28.870" classname="com.training.sanity.tests.ForgotPassword"/>
</testsuite> <!-- com.training.sanity.tests.ForgotPassword -->
