<?xml version="1.0" encoding="UTF-8"?>
<!-- Generated by org.testng.reporters.JUnitReportReporter -->
<testsuite hostname="abpujari" name="com.training.regression.tests.LoginDBTest" tests="2" failures="0" timestamp="5 Sep 2019 06:00:59 GMT" time="28.233" errors="0">
  <testcase name="loginDBTest" time="14.511" classname="com.training.regression.tests.LoginDBTest"/>
  <testcase name="loginDBTest" time="13.722" classname="com.training.regression.tests.LoginDBTest"/>
</testsuite> <!-- com.training.regression.tests.LoginDBTest -->
