<?xml version="1.0" encoding="UTF-8"?>
<!-- Generated by org.testng.reporters.JUnitReportReporter -->
<testsuite hostname="abpujari" name="com.training.sanity.tests.AdminSendEmail" tests="4" failures="0" timestamp="12 Sep 2019 18:20:00 GMT" time="16.571" errors="0">
  <testcase name="Products" time="0.831" classname="com.training.sanity.tests.AdminSendEmail"/>
  <testcase name="All_Affliates" time="6.434" classname="com.training.sanity.tests.AdminSendEmail"/>
  <testcase name="Login_Retail" time="3.354" classname="com.training.sanity.tests.AdminSendEmail"/>
  <testcase name="Marketing" time="5.952" classname="com.training.sanity.tests.AdminSendEmail"/>
</testsuite> <!-- com.training.sanity.tests.AdminSendEmail -->
